Using pre-set license
Built from '2022.3/staging' branch; Version is '2022.3.10f1 (ff3792e53c62) revision 16725906'; Using compiler version '192829333'; Build Type 'Release'
OS: 'Windows 10  (10.0.19045) 64bit Professional' Language: 'it' Physical Memory: 16136 MB
BatchMode: 1, IsHumanControllingUs: 0, StartBugReporterOnCrash: 0, Is64bit: 1, IsPro: 1

COMMAND LINE ARGUMENTS:
E:\DefCoder\2022.3.10f1\Editor\Unity.exe
-adb2
-batchMode
-noUpm
-name
AssetImportWorker1
-projectPath
E:/DefCoder/Secondo Anno Event Horizon/Singoli/DeFranceschi_Shader/Shader
-logFile
Logs/AssetImportWorker1.log
-srvPort
60417
Successfully changed project path to: E:/DefCoder/Secondo Anno Event Horizon/Singoli/DeFranceschi_Shader/Shader
E:/DefCoder/Secondo Anno Event Horizon/Singoli/DeFranceschi_Shader/Shader
[UnityMemory] Configuration Parameters - Can be set up in boot.config
    "memorysetup-bucket-allocator-granularity=16"
    "memorysetup-bucket-allocator-bucket-count=8"
    "memorysetup-bucket-allocator-block-size=33554432"
    "memorysetup-bucket-allocator-block-count=8"
    "memorysetup-main-allocator-block-size=16777216"
    "memorysetup-thread-allocator-block-size=16777216"
    "memorysetup-gfx-main-allocator-block-size=16777216"
    "memorysetup-gfx-thread-allocator-block-size=16777216"
    "memorysetup-cache-allocator-block-size=4194304"
    "memorysetup-typetree-allocator-block-size=2097152"
    "memorysetup-profiler-bucket-allocator-granularity=16"
    "memorysetup-profiler-bucket-allocator-bucket-count=8"
    "memorysetup-profiler-bucket-allocator-block-size=33554432"
    "memorysetup-profiler-bucket-allocator-block-count=8"
    "memorysetup-profiler-allocator-block-size=16777216"
    "memorysetup-profiler-editor-allocator-block-size=1048576"
    "memorysetup-temp-allocator-size-main=16777216"
    "memorysetup-job-temp-allocator-block-size=2097152"
    "memorysetup-job-temp-allocator-block-size-background=1048576"
    "memorysetup-job-temp-allocator-reduction-small-platforms=262144"
    "memorysetup-allocator-temp-initial-block-size-main=262144"
    "memorysetup-allocator-temp-initial-block-size-worker=262144"
    "memorysetup-temp-allocator-size-background-worker=32768"
    "memorysetup-temp-allocator-size-job-worker=262144"
    "memorysetup-temp-allocator-size-preload-manager=33554432"
    "memorysetup-temp-allocator-size-nav-mesh-worker=65536"
    "memorysetup-temp-allocator-size-audio-worker=65536"
    "memorysetup-temp-allocator-size-cloud-worker=32768"
    "memorysetup-temp-allocator-size-gi-baking-worker=262144"
    "memorysetup-temp-allocator-size-gfx=262144"
Player connection [6956] Host "[IP] 192.168.0.64 [Port] 0 [Flags] 2 [Guid] 352965246 [EditorId] 352965246 [Version] 1048832 [Id] WindowsEditor(7,DESKTOP-KMP61JL) [Debug] 1 [PackageName] WindowsEditor [ProjectName] Editor" joined multi-casting on [225.0.0.222:54997]...

Player connection [6956] Host "[IP] 192.168.0.64 [Port] 0 [Flags] 2 [Guid] 352965246 [EditorId] 352965246 [Version] 1048832 [Id] WindowsEditor(7,DESKTOP-KMP61JL) [Debug] 1 [PackageName] WindowsEditor [ProjectName] Editor" joined alternative multi-casting on [225.0.0.222:34997]...

[Physics::Module] Initialized MultithreadedJobDispatcher with 7 workers.
Refreshing native plugins compatible for Editor in 8.85 ms, found 3 plugins.
Preloading 0 native plugins for Editor in 0.00 ms.
Initialize engine version: 2022.3.10f1 (ff3792e53c62)
[Subsystems] Discovering subsystems at path E:/DefCoder/2022.3.10f1/Editor/Data/Resources/UnitySubsystems
[Subsystems] Discovering subsystems at path E:/DefCoder/Secondo Anno Event Horizon/Singoli/DeFranceschi_Shader/Shader/Assets
GfxDevice: creating device client; threaded=0; jobified=0
Direct3D:
    Version:  Direct3D 11.0 [level 11.0]
    Renderer: NVIDIA Quadro K4000 (ID=0x11fa)
    Vendor:   NVIDIA
    VRAM:     3029 MB
    Driver:   30.0.14.7444
Shader Hidden/ProbeVolume/VoxelizeScene is not supported: GPU does not support conservative rasterization
Initialize mono
Mono path[0] = 'E:/DefCoder/2022.3.10f1/Editor/Data/Managed'
Mono path[1] = 'E:/DefCoder/2022.3.10f1/Editor/Data/MonoBleedingEdge/lib/mono/unityjit-win32'
Mono config path = 'E:/DefCoder/2022.3.10f1/Editor/Data/MonoBleedingEdge/etc'
Using monoOptions --debugger-agent=transport=dt_socket,embedding=1,server=y,suspend=n,address=127.0.0.1:56684
Begin MonoManager ReloadAssembly
Registering precompiled unity dll's ...
Register platform support module: E:/DefCoder/2022.3.10f1/Editor/Data/PlaybackEngines/WindowsStandaloneSupport/UnityEditor.WindowsStandalone.Extensions.dll
Registered in 0.004708 seconds.
- Loaded All Assemblies, in  0.500 seconds
Native extension for WindowsStandalone target not found
Mono: successfully reloaded assembly
- Finished resetting the current domain, in  0.984 seconds
Domain Reload Profiling: 1484ms
	BeginReloadAssembly (158ms)
		ExecutionOrderSort (0ms)
		DisableScriptedObjects (0ms)
		BackupInstance (0ms)
		ReleaseScriptingObjects (0ms)
		CreateAndSetChildDomain (1ms)
	RebuildCommonClasses (55ms)
	RebuildNativeTypeToScriptingClass (17ms)
	initialDomainReloadingComplete (71ms)
	LoadAllAssembliesAndSetupDomain (198ms)
		LoadAssemblies (157ms)
		RebuildTransferFunctionScriptingTraits (0ms)
		AnalyzeDomain (194ms)
			TypeCache.Refresh (192ms)
				TypeCache.ScanAssembly (170ms)
			ScanForSourceGeneratedMonoScriptInfo (1ms)
			ResolveRequiredComponents (1ms)
	FinalizeReload (984ms)
		ReleaseScriptCaches (0ms)
		RebuildScriptCaches (0ms)
		SetupLoadedEditorAssemblies (602ms)
			LogAssemblyErrors (0ms)
			InitializePlatformSupportModulesInManaged (19ms)
			SetLoadedEditorAssemblies (20ms)
			RefreshPlugins (0ms)
			BeforeProcessingInitializeOnLoad (6ms)
			ProcessInitializeOnLoadAttributes (424ms)
			ProcessInitializeOnLoadMethodAttributes (133ms)
			AfterProcessingInitializeOnLoad (0ms)
			EditorAssembliesLoaded (0ms)
		ExecutionOrderSort2 (0ms)
		AwakeInstancesAfterBackupRestoration (0ms)
========================================================================
Worker process is ready to serve import requests
Begin MonoManager ReloadAssembly
- Loaded All Assemblies, in  1.440 seconds
Refreshing native plugins compatible for Editor in 2.55 ms, found 3 plugins.
Native extension for WindowsStandalone target not found
Package Manager log level set to [2]
[Package Manager] Server::EnsureServerProcessIsRunning -- launch failed, reason: Unity was launched with the -noUpm command-line argument
[Package Manager] UpmClient::Send -- Unable to send message (not connected to UPM process).
[Package Manager] Cannot connect to Unity Package Manager local server
Mono: successfully reloaded assembly
- Finished resetting the current domain, in  1.059 seconds
Domain Reload Profiling: 2500ms
	BeginReloadAssembly (342ms)
		ExecutionOrderSort (0ms)
		DisableScriptedObjects (16ms)
		BackupInstance (0ms)
		ReleaseScriptingObjects (0ms)
		CreateAndSetChildDomain (65ms)
	RebuildCommonClasses (54ms)
	RebuildNativeTypeToScriptingClass (17ms)
	initialDomainReloadingComplete (63ms)
	LoadAllAssembliesAndSetupDomain (964ms)
		LoadAssemblies (755ms)
		RebuildTransferFunctionScriptingTraits (0ms)
		AnalyzeDomain (367ms)
			TypeCache.Refresh (321ms)
				TypeCache.ScanAssembly (294ms)
			ScanForSourceGeneratedMonoScriptInfo (33ms)
			ResolveRequiredComponents (9ms)
	FinalizeReload (1060ms)
		ReleaseScriptCaches (0ms)
		RebuildScriptCaches (0ms)
		SetupLoadedEditorAssemblies (790ms)
			LogAssemblyErrors (0ms)
			InitializePlatformSupportModulesInManaged (9ms)
			SetLoadedEditorAssemblies (5ms)
			RefreshPlugins (0ms)
			BeforeProcessingInitializeOnLoad (112ms)
			ProcessInitializeOnLoadAttributes (552ms)
			ProcessInitializeOnLoadMethodAttributes (106ms)
			AfterProcessingInitializeOnLoad (6ms)
			EditorAssembliesLoaded (0ms)
		ExecutionOrderSort2 (0ms)
		AwakeInstancesAfterBackupRestoration (10ms)
Shader Hidden/ProbeVolume/VoxelizeScene is not supported: GPU does not support conservative rasterization
Launched and connected shader compiler UnityShaderCompiler.exe after 0.13 seconds
Refreshing native plugins compatible for Editor in 2.93 ms, found 3 plugins.
Preloading 0 native plugins for Editor in 0.00 ms.
Unloading 4165 Unused Serialized files (Serialized files now loaded: 0)
Unloading 42 unused Assets / (344.8 KB). Loaded Objects now: 4626.
Memory consumption went from 141.5 MB to 141.2 MB.
Total: 6.783900 ms (FindLiveObjects: 0.573000 ms CreateObjectMapping: 1.396800 ms MarkObjects: 4.625700 ms  DeleteObjects: 0.186500 ms)

AssetImportParameters requested are different than current active one (requested -> active):
  custom:container-demuxer-ogg: 62fdf1f143b41e24485cea50d1cbac27 -> 
  custom:video-decoder-ogg-theora: a1e56fd34408186e4bbccfd4996cb3dc -> 
  custom:framework-win-MediaFoundation: 216162199b28c13a410421893ffa2e32 -> 
  custom:CustomObjectIndexerAttribute: 756ad292c208cfabdd7b50bc23989ffe -> 
  custom:container-demuxer-webm: 4f35f7cbe854078d1ac9338744f61a02 -> 
  custom:container-muxer-webm: aa71ff27fc2769a1b78a27578f13a17b -> 
  custom:video-decoder-webm-vp8: 9c59270c3fd7afecdb556c50c9e8de78 -> 
  custom:SearchIndexIgnoredProperties: e643bd26f0fe6173181afceb89e7c659 -> 
  custom:AudioImporter_EditorPlatform: d09bf68614088b80899f8185d706f6e7 -> 
  custom:video-encoder-webm-vp8: eb34c28f22e8b96e1ab97ce403110664 -> 
  custom:audio-decoder-ogg-vorbis: bf7c407c2cedff20999df2af8eb42d56 -> 
  custom:audio-encoder-webm-vorbis: bf7c407c2cedff20999df2af8eb42d56 -> 
========================================================================
Received Import Request.
  Time since last request: 4573.285106 seconds.
  path: Assets/Shaders/Base 1.mat
  artifactKey: Guid(84d05d9b9fef7c64bbdcbad6ae330af3) Importer(815301076,1909f56bfc062723c751e8b465ee728b)
Start importing Assets/Shaders/Base 1.mat using Guid(84d05d9b9fef7c64bbdcbad6ae330af3) Importer(815301076,1909f56bfc062723c751e8b465ee728b)  -> (artifact id: 'a6116ee89ed1b771838d86b536e5e534') in 0.607594 seconds
Number of updated asset objects reloaded before import = 1
Number of asset objects unloaded after import = 1
========================================================================
Received Import Request.
  Time since last request: 293.052226 seconds.
  path: Assets/Shaders/Base 2.mat
  artifactKey: Guid(7af69dd6863deb14d9e2a9be51fb7c5e) Importer(815301076,1909f56bfc062723c751e8b465ee728b)
Start importing Assets/Shaders/Base 2.mat using Guid(7af69dd6863deb14d9e2a9be51fb7c5e) Importer(815301076,1909f56bfc062723c751e8b465ee728b)  -> (artifact id: 'bb3d82c7fe70aa448d98f5447e6e1ecb') in 0.009966 seconds
Number of updated asset objects reloaded before import = 0
Number of asset objects unloaded after import = 1
========================================================================
Received Import Request.
  Time since last request: 57.254145 seconds.
  path: Assets/Shaders/ShaderGrass/Grass001_1K-JPG_AmbientOcclusion.jpg
  artifactKey: Guid(5b574dd7f00797541ae461a66e7a272c) Importer(815301076,1909f56bfc062723c751e8b465ee728b)
Start importing Assets/Shaders/ShaderGrass/Grass001_1K-JPG_AmbientOcclusion.jpg using Guid(5b574dd7f00797541ae461a66e7a272c) Importer(815301076,1909f56bfc062723c751e8b465ee728b)  -> (artifact id: '762a0cc696b7825bf4a8f199081f5449') in 0.052180 seconds
Number of updated asset objects reloaded before import = 0
Number of asset objects unloaded after import = 2
========================================================================
Received Import Request.
  Time since last request: 0.000023 seconds.
  path: Assets/Shaders/ShaderGrass/Grass001_1K-JPG_Color.jpg
  artifactKey: Guid(29f5cef44d29d81458ca5e5c527f6904) Importer(815301076,1909f56bfc062723c751e8b465ee728b)
Start importing Assets/Shaders/ShaderGrass/Grass001_1K-JPG_Color.jpg using Guid(29f5cef44d29d81458ca5e5c527f6904) Importer(815301076,1909f56bfc062723c751e8b465ee728b)  -> (artifact id: 'a2eb11f7743303647839a4439ca887c9') in 0.014825 seconds
Number of updated asset objects reloaded before import = 0
Number of asset objects unloaded after import = 2
========================================================================
Received Import Request.
  Time since last request: 0.000039 seconds.
  path: Assets/Shaders/ShaderGrass/Grass001_1K-JPG_NormalDX.jpg
  artifactKey: Guid(6bbb763678397a141882cc9c3d6581ec) Importer(815301076,1909f56bfc062723c751e8b465ee728b)
Start importing Assets/Shaders/ShaderGrass/Grass001_1K-JPG_NormalDX.jpg using Guid(6bbb763678397a141882cc9c3d6581ec) Importer(815301076,1909f56bfc062723c751e8b465ee728b)  -> (artifact id: '1bafed299d9ef5030ae6473609529ad2') in 0.047500 seconds
Number of updated asset objects reloaded before import = 0
Number of asset objects unloaded after import = 2
========================================================================
Received Import Request.
  Time since last request: 0.000033 seconds.
  path: Assets/Shaders/ShaderGrass/Grass001_1K-JPG_Displacement.jpg
  artifactKey: Guid(af613bdf340ea5343964efe40c90955c) Importer(815301076,1909f56bfc062723c751e8b465ee728b)
Start importing Assets/Shaders/ShaderGrass/Grass001_1K-JPG_Displacement.jpg using Guid(af613bdf340ea5343964efe40c90955c) Importer(815301076,1909f56bfc062723c751e8b465ee728b)  -> (artifact id: 'fac614a617e8aa04e4c72de3936d4e3e') in 0.012438 seconds
Number of updated asset objects reloaded before import = 0
Number of asset objects unloaded after import = 2
========================================================================
Received Import Request.
  Time since last request: 1503.602333 seconds.
  path: Assets/Shaders/Shader_Transparency.mat
  artifactKey: Guid(dec70dc3499e99f4dbf2bbe1cf6b875a) Importer(815301076,1909f56bfc062723c751e8b465ee728b)
Start importing Assets/Shaders/Shader_Transparency.mat using Guid(dec70dc3499e99f4dbf2bbe1cf6b875a) Importer(815301076,1909f56bfc062723c751e8b465ee728b)  -> (artifact id: '44d0fce726527f9361ccdfc7dd8ba478') in 0.450538 seconds
Number of updated asset objects reloaded before import = 0
Number of asset objects unloaded after import = 3
