Using pre-set license
Built from '2022.3/staging' branch; Version is '2022.3.10f1 (ff3792e53c62) revision 16725906'; Using compiler version '192829333'; Build Type 'Release'
OS: 'Windows 10  (10.0.19045) 64bit Professional' Language: 'it' Physical Memory: 16136 MB
BatchMode: 1, IsHumanControllingUs: 0, StartBugReporterOnCrash: 0, Is64bit: 1, IsPro: 1

COMMAND LINE ARGUMENTS:
E:\DefCoder\2022.3.10f1\Editor\Unity.exe
-adb2
-batchMode
-noUpm
-name
AssetImportWorker0
-projectPath
E:/DefCoder/Secondo Anno Event Horizon/Singoli/DeFranceschi_Shader/Shader
-logFile
Logs/AssetImportWorker0.log
-srvPort
60417
Successfully changed project path to: E:/DefCoder/Secondo Anno Event Horizon/Singoli/DeFranceschi_Shader/Shader
E:/DefCoder/Secondo Anno Event Horizon/Singoli/DeFranceschi_Shader/Shader
[UnityMemory] Configuration Parameters - Can be set up in boot.config
    "memorysetup-bucket-allocator-granularity=16"
    "memorysetup-bucket-allocator-bucket-count=8"
    "memorysetup-bucket-allocator-block-size=33554432"
    "memorysetup-bucket-allocator-block-count=8"
    "memorysetup-main-allocator-block-size=16777216"
    "memorysetup-thread-allocator-block-size=16777216"
    "memorysetup-gfx-main-allocator-block-size=16777216"
    "memorysetup-gfx-thread-allocator-block-size=16777216"
    "memorysetup-cache-allocator-block-size=4194304"
    "memorysetup-typetree-allocator-block-size=2097152"
    "memorysetup-profiler-bucket-allocator-granularity=16"
    "memorysetup-profiler-bucket-allocator-bucket-count=8"
    "memorysetup-profiler-bucket-allocator-block-size=33554432"
    "memorysetup-profiler-bucket-allocator-block-count=8"
    "memorysetup-profiler-allocator-block-size=16777216"
    "memorysetup-profiler-editor-allocator-block-size=1048576"
    "memorysetup-temp-allocator-size-main=16777216"
    "memorysetup-job-temp-allocator-block-size=2097152"
    "memorysetup-job-temp-allocator-block-size-background=1048576"
    "memorysetup-job-temp-allocator-reduction-small-platforms=262144"
    "memorysetup-allocator-temp-initial-block-size-main=262144"
    "memorysetup-allocator-temp-initial-block-size-worker=262144"
    "memorysetup-temp-allocator-size-background-worker=32768"
    "memorysetup-temp-allocator-size-job-worker=262144"
    "memorysetup-temp-allocator-size-preload-manager=33554432"
    "memorysetup-temp-allocator-size-nav-mesh-worker=65536"
    "memorysetup-temp-allocator-size-audio-worker=65536"
    "memorysetup-temp-allocator-size-cloud-worker=32768"
    "memorysetup-temp-allocator-size-gi-baking-worker=262144"
    "memorysetup-temp-allocator-size-gfx=262144"
Player connection [14544] Host "[IP] 192.168.0.64 [Port] 0 [Flags] 2 [Guid] 1198265308 [EditorId] 1198265308 [Version] 1048832 [Id] WindowsEditor(7,DESKTOP-KMP61JL) [Debug] 1 [PackageName] WindowsEditor [ProjectName] Editor" joined multi-casting on [225.0.0.222:54997]...

Player connection [14544] Host "[IP] 192.168.0.64 [Port] 0 [Flags] 2 [Guid] 1198265308 [EditorId] 1198265308 [Version] 1048832 [Id] WindowsEditor(7,DESKTOP-KMP61JL) [Debug] 1 [PackageName] WindowsEditor [ProjectName] Editor" joined alternative multi-casting on [225.0.0.222:34997]...

[Physics::Module] Initialized MultithreadedJobDispatcher with 7 workers.
Refreshing native plugins compatible for Editor in 7.83 ms, found 3 plugins.
Preloading 0 native plugins for Editor in 0.00 ms.
Initialize engine version: 2022.3.10f1 (ff3792e53c62)
[Subsystems] Discovering subsystems at path E:/DefCoder/2022.3.10f1/Editor/Data/Resources/UnitySubsystems
[Subsystems] Discovering subsystems at path E:/DefCoder/Secondo Anno Event Horizon/Singoli/DeFranceschi_Shader/Shader/Assets
GfxDevice: creating device client; threaded=0; jobified=0
Direct3D:
    Version:  Direct3D 11.0 [level 11.0]
    Renderer: NVIDIA Quadro K4000 (ID=0x11fa)
    Vendor:   NVIDIA
    VRAM:     3029 MB
    Driver:   30.0.14.7444
Shader Hidden/ProbeVolume/VoxelizeScene is not supported: GPU does not support conservative rasterization
Initialize mono
Mono path[0] = 'E:/DefCoder/2022.3.10f1/Editor/Data/Managed'
Mono path[1] = 'E:/DefCoder/2022.3.10f1/Editor/Data/MonoBleedingEdge/lib/mono/unityjit-win32'
Mono config path = 'E:/DefCoder/2022.3.10f1/Editor/Data/MonoBleedingEdge/etc'
Using monoOptions --debugger-agent=transport=dt_socket,embedding=1,server=y,suspend=n,address=127.0.0.1:56540
Begin MonoManager ReloadAssembly
Registering precompiled unity dll's ...
Register platform support module: E:/DefCoder/2022.3.10f1/Editor/Data/PlaybackEngines/WindowsStandaloneSupport/UnityEditor.WindowsStandalone.Extensions.dll
Registered in 0.005607 seconds.
- Loaded All Assemblies, in  0.510 seconds
Native extension for WindowsStandalone target not found
Mono: successfully reloaded assembly
- Finished resetting the current domain, in  0.947 seconds
Domain Reload Profiling: 1458ms
	BeginReloadAssembly (162ms)
		ExecutionOrderSort (0ms)
		DisableScriptedObjects (0ms)
		BackupInstance (0ms)
		ReleaseScriptingObjects (0ms)
		CreateAndSetChildDomain (1ms)
	RebuildCommonClasses (50ms)
	RebuildNativeTypeToScriptingClass (17ms)
	initialDomainReloadingComplete (73ms)
	LoadAllAssembliesAndSetupDomain (206ms)
		LoadAssemblies (161ms)
		RebuildTransferFunctionScriptingTraits (0ms)
		AnalyzeDomain (204ms)
			TypeCache.Refresh (202ms)
				TypeCache.ScanAssembly (182ms)
			ScanForSourceGeneratedMonoScriptInfo (0ms)
			ResolveRequiredComponents (1ms)
	FinalizeReload (949ms)
		ReleaseScriptCaches (0ms)
		RebuildScriptCaches (0ms)
		SetupLoadedEditorAssemblies (714ms)
			LogAssemblyErrors (0ms)
			InitializePlatformSupportModulesInManaged (78ms)
			SetLoadedEditorAssemblies (34ms)
			RefreshPlugins (0ms)
			BeforeProcessingInitializeOnLoad (9ms)
			ProcessInitializeOnLoadAttributes (417ms)
			ProcessInitializeOnLoadMethodAttributes (176ms)
			AfterProcessingInitializeOnLoad (0ms)
			EditorAssembliesLoaded (0ms)
		ExecutionOrderSort2 (0ms)
		AwakeInstancesAfterBackupRestoration (0ms)
========================================================================
Worker process is ready to serve import requests
Begin MonoManager ReloadAssembly
- Loaded All Assemblies, in  1.444 seconds
Refreshing native plugins compatible for Editor in 2.82 ms, found 3 plugins.
Native extension for WindowsStandalone target not found
Package Manager log level set to [2]
[Package Manager] Server::EnsureServerProcessIsRunning -- launch failed, reason: Unity was launched with the -noUpm command-line argument
[Package Manager] UpmClient::Send -- Unable to send message (not connected to UPM process).
[Package Manager] Cannot connect to Unity Package Manager local server
Mono: successfully reloaded assembly
- Finished resetting the current domain, in  1.061 seconds
Domain Reload Profiling: 2505ms
	BeginReloadAssembly (344ms)
		ExecutionOrderSort (0ms)
		DisableScriptedObjects (16ms)
		BackupInstance (0ms)
		ReleaseScriptingObjects (0ms)
		CreateAndSetChildDomain (64ms)
	RebuildCommonClasses (58ms)
	RebuildNativeTypeToScriptingClass (17ms)
	initialDomainReloadingComplete (62ms)
	LoadAllAssembliesAndSetupDomain (963ms)
		LoadAssemblies (759ms)
		RebuildTransferFunctionScriptingTraits (0ms)
		AnalyzeDomain (369ms)
			TypeCache.Refresh (326ms)
				TypeCache.ScanAssembly (299ms)
			ScanForSourceGeneratedMonoScriptInfo (31ms)
			ResolveRequiredComponents (10ms)
	FinalizeReload (1062ms)
		ReleaseScriptCaches (0ms)
		RebuildScriptCaches (0ms)
		SetupLoadedEditorAssemblies (788ms)
			LogAssemblyErrors (0ms)
			InitializePlatformSupportModulesInManaged (7ms)
			SetLoadedEditorAssemblies (5ms)
			RefreshPlugins (0ms)
			BeforeProcessingInitializeOnLoad (115ms)
			ProcessInitializeOnLoadAttributes (548ms)
			ProcessInitializeOnLoadMethodAttributes (108ms)
			AfterProcessingInitializeOnLoad (5ms)
			EditorAssembliesLoaded (0ms)
		ExecutionOrderSort2 (0ms)
		AwakeInstancesAfterBackupRestoration (12ms)
Shader Hidden/ProbeVolume/VoxelizeScene is not supported: GPU does not support conservative rasterization
Launched and connected shader compiler UnityShaderCompiler.exe after 0.10 seconds
Refreshing native plugins compatible for Editor in 3.32 ms, found 3 plugins.
Preloading 0 native plugins for Editor in 0.00 ms.
Unloading 4165 Unused Serialized files (Serialized files now loaded: 0)
Unloading 42 unused Assets / (344.8 KB). Loaded Objects now: 4626.
Memory consumption went from 141.5 MB to 141.2 MB.
Total: 5.636000 ms (FindLiveObjects: 0.476000 ms CreateObjectMapping: 0.565900 ms MarkObjects: 4.266000 ms  DeleteObjects: 0.326700 ms)

AssetImportParameters requested are different than current active one (requested -> active):
  custom:container-demuxer-ogg: 62fdf1f143b41e24485cea50d1cbac27 -> 
  custom:video-decoder-ogg-theora: a1e56fd34408186e4bbccfd4996cb3dc -> 
  custom:framework-win-MediaFoundation: 216162199b28c13a410421893ffa2e32 -> 
  custom:CustomObjectIndexerAttribute: 756ad292c208cfabdd7b50bc23989ffe -> 
  custom:container-demuxer-webm: 4f35f7cbe854078d1ac9338744f61a02 -> 
  custom:container-muxer-webm: aa71ff27fc2769a1b78a27578f13a17b -> 
  custom:video-decoder-webm-vp8: 9c59270c3fd7afecdb556c50c9e8de78 -> 
  custom:SearchIndexIgnoredProperties: e643bd26f0fe6173181afceb89e7c659 -> 
  custom:AudioImporter_EditorPlatform: d09bf68614088b80899f8185d706f6e7 -> 
  custom:video-encoder-webm-vp8: eb34c28f22e8b96e1ab97ce403110664 -> 
  custom:audio-decoder-ogg-vorbis: bf7c407c2cedff20999df2af8eb42d56 -> 
  custom:audio-encoder-webm-vorbis: bf7c407c2cedff20999df2af8eb42d56 -> 
========================================================================
Received Import Request.
  Time since last request: 4172.337845 seconds.
  path: Assets/Shaders/Shader_Base.shadergraph
  artifactKey: Guid(6399cc3c45d142248941c65a1e0abc05) Importer(815301076,1909f56bfc062723c751e8b465ee728b)
Start importing Assets/Shaders/Shader_Base.shadergraph using Guid(6399cc3c45d142248941c65a1e0abc05) Importer(815301076,1909f56bfc062723c751e8b465ee728b)  -> (artifact id: '9552098f675a9cba5423289c6676a07b') in 0.181000 seconds
Number of updated asset objects reloaded before import = 0
Number of asset objects unloaded after import = 1
========================================================================
Received Import Request.
  Time since last request: 52.730817 seconds.
  path: Assets/Shaders/Shader_Base.shadergraph
  artifactKey: Guid(6399cc3c45d142248941c65a1e0abc05) Importer(815301076,1909f56bfc062723c751e8b465ee728b)
Start importing Assets/Shaders/Shader_Base.shadergraph using Guid(6399cc3c45d142248941c65a1e0abc05) Importer(815301076,1909f56bfc062723c751e8b465ee728b)  -> (artifact id: '4aa748054c2a223c350d59c42aa696c8') in 0.237823 seconds
Number of updated asset objects reloaded before import = 1
Number of asset objects unloaded after import = 1
========================================================================
Received Import Request.
  Time since last request: 29.917174 seconds.
  path: Assets/Shaders/Base.mat
  artifactKey: Guid(c1e81d0f1a601e84e88c01cc059dea00) Importer(815301076,1909f56bfc062723c751e8b465ee728b)
Start importing Assets/Shaders/Base.mat using Guid(c1e81d0f1a601e84e88c01cc059dea00) Importer(815301076,1909f56bfc062723c751e8b465ee728b)  -> (artifact id: '1832903d6d260ae007b3db3f6a87ce17') in 0.014605 seconds
Number of updated asset objects reloaded before import = 0
Number of asset objects unloaded after import = 1
========================================================================
Received Import Request.
  Time since last request: 0.669489 seconds.
  path: Assets/Shaders/Base.mat
  artifactKey: Guid(c1e81d0f1a601e84e88c01cc059dea00) Importer(815301076,1909f56bfc062723c751e8b465ee728b)
Start importing Assets/Shaders/Base.mat using Guid(c1e81d0f1a601e84e88c01cc059dea00) Importer(815301076,1909f56bfc062723c751e8b465ee728b)  -> (artifact id: '2f00459829fd55c16be42fcd9e8200ed') in 0.008017 seconds
Number of updated asset objects reloaded before import = 0
Number of asset objects unloaded after import = 1
========================================================================
Received Import Request.
  Time since last request: 81.335324 seconds.
  path: Assets/Shaders/Base.mat
  artifactKey: Guid(c1e81d0f1a601e84e88c01cc059dea00) Importer(815301076,1909f56bfc062723c751e8b465ee728b)
Start importing Assets/Shaders/Base.mat using Guid(c1e81d0f1a601e84e88c01cc059dea00) Importer(815301076,1909f56bfc062723c751e8b465ee728b)  -> (artifact id: '680af6cbfddc3b33afb8b23d72574740') in 0.809240 seconds
Number of updated asset objects reloaded before import = 1
Number of asset objects unloaded after import = 1
========================================================================
Received Import Request.
  Time since last request: 143.406170 seconds.
  path: Assets/Shaders/Base.mat
  artifactKey: Guid(c1e81d0f1a601e84e88c01cc059dea00) Importer(815301076,1909f56bfc062723c751e8b465ee728b)
Start importing Assets/Shaders/Base.mat using Guid(c1e81d0f1a601e84e88c01cc059dea00) Importer(815301076,1909f56bfc062723c751e8b465ee728b)  -> (artifact id: '463878c5383f662a162fd9b02f2a3832') in 0.458794 seconds
Number of updated asset objects reloaded before import = 1
Number of asset objects unloaded after import = 1
========================================================================
Received Import Request.
  Time since last request: 91.137359 seconds.
  path: Assets/Shaders/Base.mat
  artifactKey: Guid(c1e81d0f1a601e84e88c01cc059dea00) Importer(815301076,1909f56bfc062723c751e8b465ee728b)
Start importing Assets/Shaders/Base.mat using Guid(c1e81d0f1a601e84e88c01cc059dea00) Importer(815301076,1909f56bfc062723c751e8b465ee728b)  -> (artifact id: '7366357079d58116b7f9a576352758a1') in 0.009318 seconds
Number of updated asset objects reloaded before import = 0
Number of asset objects unloaded after import = 1
========================================================================
Received Import Request.
  Time since last request: 0.705708 seconds.
  path: Assets/Shaders/Base 2.mat
  artifactKey: Guid(7af69dd6863deb14d9e2a9be51fb7c5e) Importer(815301076,1909f56bfc062723c751e8b465ee728b)
Start importing Assets/Shaders/Base 2.mat using Guid(7af69dd6863deb14d9e2a9be51fb7c5e) Importer(815301076,1909f56bfc062723c751e8b465ee728b)  -> (artifact id: 'a8236f493d4835bc8df0c5f8cd701d13') in 0.009313 seconds
Number of updated asset objects reloaded before import = 0
Number of asset objects unloaded after import = 1
========================================================================
Received Import Request.
  Time since last request: 291.068356 seconds.
  path: Assets/Shaders/Shader_Base.shadergraph
  artifactKey: Guid(6399cc3c45d142248941c65a1e0abc05) Importer(815301076,1909f56bfc062723c751e8b465ee728b)
Start importing Assets/Shaders/Shader_Base.shadergraph using Guid(6399cc3c45d142248941c65a1e0abc05) Importer(815301076,1909f56bfc062723c751e8b465ee728b)  -> (artifact id: '6626967f33e37da48cd9b465eb881850') in 0.008617 seconds
Number of updated asset objects reloaded before import = 0
Number of asset objects unloaded after import = 1
========================================================================
Received Import Request.
  Time since last request: 1.886304 seconds.
  path: Assets/Shaders/Base 1.mat
  artifactKey: Guid(84d05d9b9fef7c64bbdcbad6ae330af3) Importer(815301076,1909f56bfc062723c751e8b465ee728b)
Start importing Assets/Shaders/Base 1.mat using Guid(84d05d9b9fef7c64bbdcbad6ae330af3) Importer(815301076,1909f56bfc062723c751e8b465ee728b)  -> (artifact id: '5a1cb5b0b1309ebe8a13c14d67faa230') in 0.009411 seconds
Number of updated asset objects reloaded before import = 0
Number of asset objects unloaded after import = 1
========================================================================
Received Import Request.
  Time since last request: 0.000020 seconds.
  path: Assets/Shaders/Shader_Base 1.shadergraph
  artifactKey: Guid(5a5f04b2bc2e6a244b929e639aae0ad5) Importer(815301076,1909f56bfc062723c751e8b465ee728b)
Start importing Assets/Shaders/Shader_Base 1.shadergraph using Guid(5a5f04b2bc2e6a244b929e639aae0ad5) Importer(815301076,1909f56bfc062723c751e8b465ee728b)  -> (artifact id: 'e03773c8477070c9a8d527d4fc34a994') in 0.461508 seconds
Number of updated asset objects reloaded before import = 0
Number of asset objects unloaded after import = 2
========================================================================
Received Import Request.
  Time since last request: 9.512175 seconds.
  path: Assets/Shaders/Shader_Textures.shadergraph
  artifactKey: Guid(5a5f04b2bc2e6a244b929e639aae0ad5) Importer(815301076,1909f56bfc062723c751e8b465ee728b)
Start importing Assets/Shaders/Shader_Textures.shadergraph using Guid(5a5f04b2bc2e6a244b929e639aae0ad5) Importer(815301076,1909f56bfc062723c751e8b465ee728b)  -> (artifact id: '705ea42780d7f9bf25443f47fdd74678') in 0.495138 seconds
Number of updated asset objects reloaded before import = 0
Number of asset objects unloaded after import = 2
========================================================================
Received Import Request.
  Time since last request: 32.666210 seconds.
  path: Assets/Shaders/Shader_Textures.shadergraph
  artifactKey: Guid(5a5f04b2bc2e6a244b929e639aae0ad5) Importer(815301076,1909f56bfc062723c751e8b465ee728b)
Start importing Assets/Shaders/Shader_Textures.shadergraph using Guid(5a5f04b2bc2e6a244b929e639aae0ad5) Importer(815301076,1909f56bfc062723c751e8b465ee728b)  -> (artifact id: '61b4a49cba49f905aeae5dbc8fc33244') in 0.439036 seconds
Number of updated asset objects reloaded before import = 0
Number of asset objects unloaded after import = 2
========================================================================
Received Import Request.
  Time since last request: 13.677189 seconds.
  path: Assets/Shaders/ShaderGrass/Grass001.png
  artifactKey: Guid(7a7ea71630c4a294391c0689d141a712) Importer(815301076,1909f56bfc062723c751e8b465ee728b)
Start importing Assets/Shaders/ShaderGrass/Grass001.png using Guid(7a7ea71630c4a294391c0689d141a712) Importer(815301076,1909f56bfc062723c751e8b465ee728b)  -> (artifact id: '05e40c58b82b93b6657ad7fb8d75ffba') in 0.054754 seconds
Number of updated asset objects reloaded before import = 0
Number of asset objects unloaded after import = 2
========================================================================
Received Import Request.
  Time since last request: 0.000022 seconds.
  path: Assets/Shaders/ShaderGrass/Grass001_1K-JPG_NormalGL.jpg
  artifactKey: Guid(3cac059b8144a404ca9390e33893293b) Importer(815301076,1909f56bfc062723c751e8b465ee728b)
Start importing Assets/Shaders/ShaderGrass/Grass001_1K-JPG_NormalGL.jpg using Guid(3cac059b8144a404ca9390e33893293b) Importer(815301076,1909f56bfc062723c751e8b465ee728b)  -> (artifact id: 'b4e5d0529869b8a1dedce460a4d11df9') in 0.013435 seconds
Number of updated asset objects reloaded before import = 0
Number of asset objects unloaded after import = 2
========================================================================
Received Import Request.
  Time since last request: 0.000034 seconds.
  path: Assets/Shaders/ShaderGrass/Grass001_1K-JPG_Roughness.jpg
  artifactKey: Guid(9bfb5d3d1ed4af546a86a7d64b816d9c) Importer(815301076,1909f56bfc062723c751e8b465ee728b)
Start importing Assets/Shaders/ShaderGrass/Grass001_1K-JPG_Roughness.jpg using Guid(9bfb5d3d1ed4af546a86a7d64b816d9c) Importer(815301076,1909f56bfc062723c751e8b465ee728b)  -> (artifact id: '07d1bb64f498b37e18f0226c5648cbcf') in 0.047619 seconds
Number of updated asset objects reloaded before import = 0
Number of asset objects unloaded after import = 2
========================================================================
Received Import Request.
  Time since last request: 259.571428 seconds.
  path: Assets/Shaders/Shader_Textures.shadergraph
  artifactKey: Guid(5a5f04b2bc2e6a244b929e639aae0ad5) Importer(815301076,1909f56bfc062723c751e8b465ee728b)
Start importing Assets/Shaders/Shader_Textures.shadergraph using Guid(5a5f04b2bc2e6a244b929e639aae0ad5) Importer(815301076,1909f56bfc062723c751e8b465ee728b)  -> (artifact id: 'c943e8dda4404c104326710b154cd6ca') in 0.496644 seconds
Number of updated asset objects reloaded before import = 0
Number of asset objects unloaded after import = 3
========================================================================
Received Import Request.
  Time since last request: 396.629728 seconds.
  path: Assets/Shaders/Shader_Textures.shadergraph
  artifactKey: Guid(5a5f04b2bc2e6a244b929e639aae0ad5) Importer(815301076,1909f56bfc062723c751e8b465ee728b)
Start importing Assets/Shaders/Shader_Textures.shadergraph using Guid(5a5f04b2bc2e6a244b929e639aae0ad5) Importer(815301076,1909f56bfc062723c751e8b465ee728b)  -> (artifact id: '4581fd74ad7c47138178a03fdf6a82a7') in 0.449169 seconds
Number of updated asset objects reloaded before import = 0
Number of asset objects unloaded after import = 3
========================================================================
Received Import Request.
  Time since last request: 5.894600 seconds.
  path: Assets/Shaders/Shader_Textures 1.shadergraph
  artifactKey: Guid(6a7ed0f1e89a0e34f901454ee698d88a) Importer(815301076,1909f56bfc062723c751e8b465ee728b)
Start importing Assets/Shaders/Shader_Textures 1.shadergraph using Guid(6a7ed0f1e89a0e34f901454ee698d88a) Importer(815301076,1909f56bfc062723c751e8b465ee728b)  -> (artifact id: 'a36afaddfed6b949381529403b8665d7') in 0.446614 seconds
Number of updated asset objects reloaded before import = 0
Number of asset objects unloaded after import = 3
========================================================================
Received Import Request.
  Time since last request: 12.756746 seconds.
  path: Assets/Shaders/Shader_Transparency.shadergraph
  artifactKey: Guid(6a7ed0f1e89a0e34f901454ee698d88a) Importer(815301076,1909f56bfc062723c751e8b465ee728b)
Start importing Assets/Shaders/Shader_Transparency.shadergraph using Guid(6a7ed0f1e89a0e34f901454ee698d88a) Importer(815301076,1909f56bfc062723c751e8b465ee728b)  -> (artifact id: '8680334010f7fff647e89df817b5001e') in 0.426596 seconds
Number of updated asset objects reloaded before import = 0
Number of asset objects unloaded after import = 3
========================================================================
Received Import Request.
  Time since last request: 129.573480 seconds.
  path: Assets/Shaders/Shader_Transparency.shadergraph
  artifactKey: Guid(6a7ed0f1e89a0e34f901454ee698d88a) Importer(815301076,1909f56bfc062723c751e8b465ee728b)
Start importing Assets/Shaders/Shader_Transparency.shadergraph using Guid(6a7ed0f1e89a0e34f901454ee698d88a) Importer(815301076,1909f56bfc062723c751e8b465ee728b)  -> (artifact id: '2fc02e3faca2477b7f48fa1dd5b0ce94') in 0.449091 seconds
Number of updated asset objects reloaded before import = 0
Number of asset objects unloaded after import = 3
========================================================================
Received Import Request.
  Time since last request: 98.574779 seconds.
  path: Assets/Shaders/ShaderGrass
  artifactKey: Guid(71463dc853f11c84c9ffedbdd4eafaca) Importer(815301076,1909f56bfc062723c751e8b465ee728b)
Start importing Assets/Shaders/ShaderGrass using Guid(71463dc853f11c84c9ffedbdd4eafaca) Importer(815301076,1909f56bfc062723c751e8b465ee728b)  -> (artifact id: '979d145daca460fe1f5115caad2eb044') in 0.000640 seconds
Number of updated asset objects reloaded before import = 0
Number of asset objects unloaded after import = 0
========================================================================
Received Import Request.
  Time since last request: 35.589299 seconds.
  path: Assets/Shaders/ShaderGrass/Materials
  artifactKey: Guid(be84697968ec5e046a419c750efbe23f) Importer(815301076,1909f56bfc062723c751e8b465ee728b)
Start importing Assets/Shaders/ShaderGrass/Materials using Guid(be84697968ec5e046a419c750efbe23f) Importer(815301076,1909f56bfc062723c751e8b465ee728b)  -> (artifact id: 'ad5cc9c46ec8f212f1d48f72386120a1') in 0.000486 seconds
Number of updated asset objects reloaded before import = 0
Number of asset objects unloaded after import = 0
========================================================================
Received Import Request.
  Time since last request: 241.540352 seconds.
  path: Assets/Shaders/Shader_Transparency.shadergraph
  artifactKey: Guid(6a7ed0f1e89a0e34f901454ee698d88a) Importer(815301076,1909f56bfc062723c751e8b465ee728b)
Start importing Assets/Shaders/Shader_Transparency.shadergraph using Guid(6a7ed0f1e89a0e34f901454ee698d88a) Importer(815301076,1909f56bfc062723c751e8b465ee728b)  -> (artifact id: '09fef468888373dfc35aa8302216bfcb') in 0.016968 seconds
Number of updated asset objects reloaded before import = 0
Number of asset objects unloaded after import = 3
========================================================================
Received Import Request.
  Time since last request: 55.113996 seconds.
  path: Assets/Shaders/Shader_Transparency.shadergraph
  artifactKey: Guid(6a7ed0f1e89a0e34f901454ee698d88a) Importer(815301076,1909f56bfc062723c751e8b465ee728b)
Start importing Assets/Shaders/Shader_Transparency.shadergraph using Guid(6a7ed0f1e89a0e34f901454ee698d88a) Importer(815301076,1909f56bfc062723c751e8b465ee728b)  -> (artifact id: '9b572c0305eec69a756339d5bf93b248') in 0.483092 seconds
Number of updated asset objects reloaded before import = 0
Number of asset objects unloaded after import = 3
========================================================================
Received Import Request.
  Time since last request: 47.227828 seconds.
  path: Assets/Shaders/Shader_Transparency.shadergraph
  artifactKey: Guid(6a7ed0f1e89a0e34f901454ee698d88a) Importer(815301076,1909f56bfc062723c751e8b465ee728b)
Start importing Assets/Shaders/Shader_Transparency.shadergraph using Guid(6a7ed0f1e89a0e34f901454ee698d88a) Importer(815301076,1909f56bfc062723c751e8b465ee728b)  -> (artifact id: '467d1e7ee17c982780b31a2dbbc5afb6') in 0.010152 seconds
Number of updated asset objects reloaded before import = 0
Number of asset objects unloaded after import = 3
========================================================================
Received Import Request.
  Time since last request: 24.700691 seconds.
  path: Assets/Shaders/Shader_Transparency.shadergraph
  artifactKey: Guid(6a7ed0f1e89a0e34f901454ee698d88a) Importer(815301076,1909f56bfc062723c751e8b465ee728b)
Start importing Assets/Shaders/Shader_Transparency.shadergraph using Guid(6a7ed0f1e89a0e34f901454ee698d88a) Importer(815301076,1909f56bfc062723c751e8b465ee728b)  -> (artifact id: '9b353a997ebbe3375944b79d2cfd6536') in 0.488949 seconds
Number of updated asset objects reloaded before import = 0
Number of asset objects unloaded after import = 3
========================================================================
Received Import Request.
  Time since last request: 24.709762 seconds.
  path: Assets/Shaders/Shader_Transparency.shadergraph
  artifactKey: Guid(6a7ed0f1e89a0e34f901454ee698d88a) Importer(815301076,1909f56bfc062723c751e8b465ee728b)
Start importing Assets/Shaders/Shader_Transparency.shadergraph using Guid(6a7ed0f1e89a0e34f901454ee698d88a) Importer(815301076,1909f56bfc062723c751e8b465ee728b)  -> (artifact id: 'a29c234b05913f957a259d0bd1e9267d') in 0.022278 seconds
Number of updated asset objects reloaded before import = 0
Number of asset objects unloaded after import = 3
========================================================================
Received Import Request.
  Time since last request: 55.434207 seconds.
  path: Assets/Shaders/Shader_Transparency.shadergraph
  artifactKey: Guid(6a7ed0f1e89a0e34f901454ee698d88a) Importer(815301076,1909f56bfc062723c751e8b465ee728b)
Start importing Assets/Shaders/Shader_Transparency.shadergraph using Guid(6a7ed0f1e89a0e34f901454ee698d88a) Importer(815301076,1909f56bfc062723c751e8b465ee728b)  -> (artifact id: '7455089d008070772970f377a947c832') in 0.536256 seconds
Number of updated asset objects reloaded before import = 0
Number of asset objects unloaded after import = 3
========================================================================
Received Import Request.
  Time since last request: 39.366889 seconds.
  path: Assets/Shaders/Shader_Transparency.mat
  artifactKey: Guid(dec70dc3499e99f4dbf2bbe1cf6b875a) Importer(815301076,1909f56bfc062723c751e8b465ee728b)
Start importing Assets/Shaders/Shader_Transparency.mat using Guid(dec70dc3499e99f4dbf2bbe1cf6b875a) Importer(815301076,1909f56bfc062723c751e8b465ee728b)  -> (artifact id: 'b1c6ac7b73ff4bcf73ec54ef06055d67') in 0.020115 seconds
Number of updated asset objects reloaded before import = 0
Number of asset objects unloaded after import = 3
========================================================================
Received Import Request.
  Time since last request: 73.066170 seconds.
  path: Assets/Shaders/Base 2.mat
  artifactKey: Guid(7af69dd6863deb14d9e2a9be51fb7c5e) Importer(815301076,1909f56bfc062723c751e8b465ee728b)
Start importing Assets/Shaders/Base 2.mat using Guid(7af69dd6863deb14d9e2a9be51fb7c5e) Importer(815301076,1909f56bfc062723c751e8b465ee728b)  -> (artifact id: 'de820cf0bbfc500d60e794f2fe02c6a6') in 0.018818 seconds
Number of updated asset objects reloaded before import = 0
Number of asset objects unloaded after import = 1
========================================================================
Received Import Request.
  Time since last request: 20.239283 seconds.
  path: Assets/Shaders/New Material.mat
  artifactKey: Guid(b2805533a4add874386c03bd956c1114) Importer(815301076,1909f56bfc062723c751e8b465ee728b)
Start importing Assets/Shaders/New Material.mat using Guid(b2805533a4add874386c03bd956c1114) Importer(815301076,1909f56bfc062723c751e8b465ee728b)  -> (artifact id: 'c5daac5904baff52643572eec2e3b0b8') in 0.125150 seconds
Number of updated asset objects reloaded before import = 0
Number of asset objects unloaded after import = 1
========================================================================
Received Import Request.
  Time since last request: 21.660438 seconds.
  path: Assets/Shaders/New Material.mat
  artifactKey: Guid(b2805533a4add874386c03bd956c1114) Importer(815301076,1909f56bfc062723c751e8b465ee728b)
Start importing Assets/Shaders/New Material.mat using Guid(b2805533a4add874386c03bd956c1114) Importer(815301076,1909f56bfc062723c751e8b465ee728b)  -> (artifact id: 'db9ae6cb6b39dbdb293e34794b7468a2') in 0.010696 seconds
Number of updated asset objects reloaded before import = 0
Number of asset objects unloaded after import = 1
========================================================================
Received Import Request.
  Time since last request: 43.987301 seconds.
  path: Assets/Shaders/Shader_Transparency.mat
  artifactKey: Guid(dec70dc3499e99f4dbf2bbe1cf6b875a) Importer(815301076,1909f56bfc062723c751e8b465ee728b)
Start importing Assets/Shaders/Shader_Transparency.mat using Guid(dec70dc3499e99f4dbf2bbe1cf6b875a) Importer(815301076,1909f56bfc062723c751e8b465ee728b)  -> (artifact id: 'eeaa716edcf797d37b5c95f5622360f7') in 0.013797 seconds
Number of updated asset objects reloaded before import = 0
Number of asset objects unloaded after import = 3
========================================================================
Received Import Request.
  Time since last request: 51.344551 seconds.
  path: Assets/Materials
  artifactKey: Guid(6d1a88ab2655a054fac84293c16cbb59) Importer(815301076,1909f56bfc062723c751e8b465ee728b)
Start importing Assets/Materials using Guid(6d1a88ab2655a054fac84293c16cbb59) Importer(815301076,1909f56bfc062723c751e8b465ee728b)  -> (artifact id: '5ab8aa21e9a95e46fe0096af6a152ec9') in 0.004738 seconds
Number of updated asset objects reloaded before import = 0
Number of asset objects unloaded after import = 0
========================================================================
Received Import Request.
  Time since last request: 252.229624 seconds.
  path: Assets/Shaders/Shader_RimLight.shadergraph
  artifactKey: Guid(0d21f4f92f286da478b0095b89253c6b) Importer(815301076,1909f56bfc062723c751e8b465ee728b)
Start importing Assets/Shaders/Shader_RimLight.shadergraph using Guid(0d21f4f92f286da478b0095b89253c6b) Importer(815301076,1909f56bfc062723c751e8b465ee728b)  -> (artifact id: 'd5791d9922e1a5e448121435e9f057b4') in 0.441961 seconds
Number of updated asset objects reloaded before import = 0
Number of asset objects unloaded after import = 2
========================================================================
Received Import Request.
  Time since last request: 156.979875 seconds.
  path: Assets/Shaders/Shader_RimLight.shadergraph
  artifactKey: Guid(0d21f4f92f286da478b0095b89253c6b) Importer(815301076,1909f56bfc062723c751e8b465ee728b)
Start importing Assets/Shaders/Shader_RimLight.shadergraph using Guid(0d21f4f92f286da478b0095b89253c6b) Importer(815301076,1909f56bfc062723c751e8b465ee728b)  -> (artifact id: 'bb153323c872aa16429631e222bdd3a3') in 0.464986 seconds
Number of updated asset objects reloaded before import = 0
Number of asset objects unloaded after import = 2
========================================================================
Received Import Request.
  Time since last request: 13.867245 seconds.
  path: Assets/Shaders/Shader_RimLight.shadergraph
  artifactKey: Guid(0d21f4f92f286da478b0095b89253c6b) Importer(815301076,1909f56bfc062723c751e8b465ee728b)
Start importing Assets/Shaders/Shader_RimLight.shadergraph using Guid(0d21f4f92f286da478b0095b89253c6b) Importer(815301076,1909f56bfc062723c751e8b465ee728b)  -> (artifact id: '036545fd4cfe3f60a5ce2709b67dee1b') in 0.430752 seconds
Number of updated asset objects reloaded before import = 0
Number of asset objects unloaded after import = 2
========================================================================
Received Import Request.
  Time since last request: 43.216189 seconds.
  path: Assets/Shaders/Shader_RimLight.shadergraph
  artifactKey: Guid(0d21f4f92f286da478b0095b89253c6b) Importer(815301076,1909f56bfc062723c751e8b465ee728b)
Start importing Assets/Shaders/Shader_RimLight.shadergraph using Guid(0d21f4f92f286da478b0095b89253c6b) Importer(815301076,1909f56bfc062723c751e8b465ee728b)  -> (artifact id: '072dcb7a4e243746558cd799400eda3f') in 0.020367 seconds
Number of updated asset objects reloaded before import = 0
Number of asset objects unloaded after import = 2
========================================================================
Received Import Request.
  Time since last request: 66.349497 seconds.
  path: Assets/Shaders/Shader_RimLight.shadergraph
  artifactKey: Guid(0d21f4f92f286da478b0095b89253c6b) Importer(815301076,1909f56bfc062723c751e8b465ee728b)
Start importing Assets/Shaders/Shader_RimLight.shadergraph using Guid(0d21f4f92f286da478b0095b89253c6b) Importer(815301076,1909f56bfc062723c751e8b465ee728b)  -> (artifact id: '5ce3891e7c7bffe25582026678faaf8f') in 0.450016 seconds
Number of updated asset objects reloaded before import = 0
Number of asset objects unloaded after import = 2
========================================================================
Received Import Request.
  Time since last request: 18.559573 seconds.
  path: Assets/Shaders/M_RimLight.mat
  artifactKey: Guid(f789a86bac68299479297c666aa9a8e3) Importer(815301076,1909f56bfc062723c751e8b465ee728b)
Start importing Assets/Shaders/M_RimLight.mat using Guid(f789a86bac68299479297c666aa9a8e3) Importer(815301076,1909f56bfc062723c751e8b465ee728b)  -> (artifact id: 'c1aeb8e2cbab8ec85e27cacf0cff0ee9') in 0.020417 seconds
Number of updated asset objects reloaded before import = 0
Number of asset objects unloaded after import = 2
========================================================================
Received Import Request.
  Time since last request: 0.510709 seconds.
  path: Assets/Shaders/M_RimLight.mat
  artifactKey: Guid(f789a86bac68299479297c666aa9a8e3) Importer(815301076,1909f56bfc062723c751e8b465ee728b)
Start importing Assets/Shaders/M_RimLight.mat using Guid(f789a86bac68299479297c666aa9a8e3) Importer(815301076,1909f56bfc062723c751e8b465ee728b)  -> (artifact id: 'd94b2f8ffb39b680adcc71a150ea0103') in 0.011647 seconds
Number of updated asset objects reloaded before import = 0
Number of asset objects unloaded after import = 2
========================================================================
Received Import Request.
  Time since last request: 6.100910 seconds.
  path: Assets/Materials/Shader_Transparency.mat
  artifactKey: Guid(dec70dc3499e99f4dbf2bbe1cf6b875a) Importer(815301076,1909f56bfc062723c751e8b465ee728b)
Start importing Assets/Materials/Shader_Transparency.mat using Guid(dec70dc3499e99f4dbf2bbe1cf6b875a) Importer(815301076,1909f56bfc062723c751e8b465ee728b)  -> (artifact id: '16df5571b3d749ce7352fa5f11a891ad') in 0.446455 seconds
Number of updated asset objects reloaded before import = 0
Number of asset objects unloaded after import = 3
========================================================================
Received Import Request.
  Time since last request: 73.902298 seconds.
  path: Assets/Shaders/ShaderGrass/Materials/Grass001.mat
  artifactKey: Guid(3210c6991fc1dd54ea63c9688472b611) Importer(815301076,1909f56bfc062723c751e8b465ee728b)
Start importing Assets/Shaders/ShaderGrass/Materials/Grass001.mat using Guid(3210c6991fc1dd54ea63c9688472b611) Importer(815301076,1909f56bfc062723c751e8b465ee728b)  -> (artifact id: 'd4587ca9eb27660a2108de5f94130919') in 0.013687 seconds
Number of updated asset objects reloaded before import = 0
Number of asset objects unloaded after import = 2
========================================================================
Received Import Request.
  Time since last request: 14.148675 seconds.
  path: Assets/Shaders/ShaderGrass/Materials/Grass001 1.mat
  artifactKey: Guid(51028d7eb09893246a2706f2100eb403) Importer(815301076,1909f56bfc062723c751e8b465ee728b)
Start importing Assets/Shaders/ShaderGrass/Materials/Grass001 1.mat using Guid(51028d7eb09893246a2706f2100eb403) Importer(815301076,1909f56bfc062723c751e8b465ee728b)  -> (artifact id: '2290aefd64148fa04c80ea4ea2886528') in 0.014850 seconds
Number of updated asset objects reloaded before import = 0
Number of asset objects unloaded after import = 2
========================================================================
Received Import Request.
  Time since last request: 7.943650 seconds.
  path: Assets/Shaders/ShaderGrass/Materials/Grass001 1.mat
  artifactKey: Guid(51028d7eb09893246a2706f2100eb403) Importer(815301076,1909f56bfc062723c751e8b465ee728b)
Start importing Assets/Shaders/ShaderGrass/Materials/Grass001 1.mat using Guid(51028d7eb09893246a2706f2100eb403) Importer(815301076,1909f56bfc062723c751e8b465ee728b)  -> (artifact id: '3f15196f42189cbbb3b6480798aa37bf') in 0.011540 seconds
Number of updated asset objects reloaded before import = 0
Number of asset objects unloaded after import = 2
========================================================================
Received Import Request.
  Time since last request: 24.592682 seconds.
  path: Assets/Shaders/ShaderGrass/Materials/Grass001 1.mat
  artifactKey: Guid(51028d7eb09893246a2706f2100eb403) Importer(815301076,1909f56bfc062723c751e8b465ee728b)
Start importing Assets/Shaders/ShaderGrass/Materials/Grass001 1.mat using Guid(51028d7eb09893246a2706f2100eb403) Importer(815301076,1909f56bfc062723c751e8b465ee728b)  -> (artifact id: '61403a5c1af84a9c5a697ed9fbb00783') in 0.013376 seconds
Number of updated asset objects reloaded before import = 0
Number of asset objects unloaded after import = 2
========================================================================
Received Import Request.
  Time since last request: 33.506736 seconds.
  path: Assets/Materials/M_RimLight.mat
  artifactKey: Guid(f789a86bac68299479297c666aa9a8e3) Importer(815301076,1909f56bfc062723c751e8b465ee728b)
Start importing Assets/Materials/M_RimLight.mat using Guid(f789a86bac68299479297c666aa9a8e3) Importer(815301076,1909f56bfc062723c751e8b465ee728b)  -> (artifact id: 'cbcdddef33ef7424f039979254f27e9b') in 0.011766 seconds
Number of updated asset objects reloaded before import = 0
Number of asset objects unloaded after import = 2
========================================================================
Received Import Request.
  Time since last request: 244.186733 seconds.
  path: Assets/Materials/M_RimLight.mat
  artifactKey: Guid(f789a86bac68299479297c666aa9a8e3) Importer(815301076,1909f56bfc062723c751e8b465ee728b)
Start importing Assets/Materials/M_RimLight.mat using Guid(f789a86bac68299479297c666aa9a8e3) Importer(815301076,1909f56bfc062723c751e8b465ee728b)  -> (artifact id: '1b3f0f67c4c10625cf316c1fa4815483') in 0.011809 seconds
Number of updated asset objects reloaded before import = 0
Number of asset objects unloaded after import = 2
